<?xml version="1.0" encoding="UTF-8"?>
<!-- Generated by org.testng.reporters.JUnitReportReporter -->
<testsuite hostname="DESKTOP-JJHJDOR" failures="0" tests="1" name="org.example.testRunner.runners" time="51.639" errors="0" timestamp="2023-04-06T23:16:26 EET" skipped="0">
  <testcase classname="org.example.testRunner.runners" name="runScenario" time="51.639"/>
  <system-out/>
</testsuite> <!-- org.example.testRunner.runners -->
